<?xml version="1.0" encoding="UTF-8"?>
<testng-results skipped="0" failed="0" total="3" passed="3">
  <reporter-output>
  </reporter-output>
  <suite name="Default suite" duration-ms="166" started-at="2016-05-03T05:34:11Z" finished-at="2016-05-03T05:34:11Z">
    <groups>
    </groups>
    <test name="Default test" duration-ms="166" started-at="2016-05-03T05:34:11Z" finished-at="2016-05-03T05:34:11Z">
      <class name="Testcases.Sample1">
        <test-method status="PASS" signature="changePwd()[pri:0, instance:Testcases.Sample1@12c4b66]" name="changePwd" duration-ms="39" started-at="2016-05-03T11:04:11Z" finished-at="2016-05-03T11:04:11Z">
          <reporter-output>
          </reporter-output>
        </test-method> <!-- changePwd -->
        <test-method status="PASS" signature="login()[pri:0, instance:Testcases.Sample1@12c4b66]" name="login" duration-ms="2" started-at="2016-05-03T11:04:11Z" finished-at="2016-05-03T11:04:11Z">
          <reporter-output>
          </reporter-output>
        </test-method> <!-- login -->
        <test-method status="PASS" signature="logout()[pri:0, instance:Testcases.Sample1@12c4b66]" name="logout" duration-ms="8" started-at="2016-05-03T11:04:11Z" finished-at="2016-05-03T11:04:11Z">
          <reporter-output>
          </reporter-output>
        </test-method> <!-- logout -->
      </class> <!-- Testcases.Sample1 -->
    </test> <!-- Default test -->
  </suite> <!-- Default suite -->
</testng-results>
